<?xml version="1.0" encoding="UTF-8"?>
<testsuites>
	<testsuite tests="1" errors="0" failures="0" time="0" timestamp="2016-02-23T12:43:07">
		<testcase classname="#replaceElementInArray" name="should replace the second item in array with &amp;apos;Carter&amp;apos; and return that item" time="0">
		</testcase>
	</testsuite>
</testsuites>

