<?xml version="1.0" encoding="UTF-8"?>
<testsuites>
	<testsuite tests="1" errors="0" failures="0" time="0" timestamp="2016-02-12T15:29:29">
		<testcase classname="#addElementToArray" name="should return an array of Christmas movies" time="0">
		</testcase>
	</testsuite>
</testsuites>

