<?xml version="1.0" encoding="UTF-8"?>
<testsuites>
	<testsuite tests="1" errors="0" failures="0" time="0.005" timestamp="2016-02-23T12:43:07">
		<testcase classname="#createArray" name="should return an array of strings" time="0.003">
		</testcase>
	</testsuite>
</testsuites>

