<?xml version="1.0" encoding="UTF-8"?>
<testsuites>
	<testsuite tests="1" errors="0" failures="0" time="0.001" timestamp="2016-02-12T15:29:29">
		<testcase classname="#replaceElementInArray" name="should replace the second item in array with &amp;apos;Carter&amp;apos; and return that item" time="0.001">
		</testcase>
	</testsuite>
</testsuites>

